{"C:\\Users\\moham\\Downloads\\Visual Studio Code\\React\\CC\\my-weather-app\\src\\App.tsx": {"path":"C:\\Users\\moham\\Downloads\\Visual Studio Code\\React\\CC\\my-weather-app\\src\\App.tsx","statementMap":{"0":{"start":{"line":6,"column":2},"end":{"line":23,"column":4}}},"fnMap":{"0":{"name":"App","decl":{"start":{"line":5,"column":9},"end":{"line":5,"column":12}},"loc":{"start":{"line":5,"column":15},"end":{"line":24,"column":1}},"line":5}},"branchMap":{},"s":{"0":0},"f":{"0":0},"b":{}}
,"C:\\Users\\moham\\Downloads\\Visual Studio Code\\React\\CC\\my-weather-app\\src\\index.tsx": {"path":"C:\\Users\\moham\\Downloads\\Visual Studio Code\\React\\CC\\my-weather-app\\src\\index.tsx","statementMap":{"0":{"start":{"line":8,"column":13},"end":{"line":10,"column":1}},"1":{"start":{"line":11,"column":0},"end":{"line":20,"column":2}}},"fnMap":{},"branchMap":{},"s":{"0":0,"1":0},"f":{},"b":{}}
,"C:\\Users\\moham\\Downloads\\Visual Studio Code\\React\\CC\\my-weather-app\\src\\reportWebVitals.ts": {"path":"C:\\Users\\moham\\Downloads\\Visual Studio Code\\React\\CC\\my-weather-app\\src\\reportWebVitals.ts","statementMap":{"0":{"start":{"line":3,"column":24},"end":{"line":13,"column":1}},"1":{"start":{"line":4,"column":2},"end":{"line":12,"column":3}},"2":{"start":{"line":5,"column":4},"end":{"line":11,"column":7}},"3":{"start":{"line":6,"column":6},"end":{"line":6,"column":26}},"4":{"start":{"line":7,"column":6},"end":{"line":7,"column":26}},"5":{"start":{"line":8,"column":6},"end":{"line":8,"column":26}},"6":{"start":{"line":9,"column":6},"end":{"line":9,"column":26}},"7":{"start":{"line":10,"column":6},"end":{"line":10,"column":27}}},"fnMap":{"0":{"name":"(anonymous_0)","decl":{"start":{"line":3,"column":24},"end":{"line":3,"column":25}},"loc":{"start":{"line":3,"column":57},"end":{"line":13,"column":1}},"line":3},"1":{"name":"(anonymous_1)","decl":{"start":{"line":5,"column":30},"end":{"line":5,"column":31}},"loc":{"start":{"line":5,"column":79},"end":{"line":11,"column":5}},"line":5}},"branchMap":{"0":{"loc":{"start":{"line":4,"column":2},"end":{"line":12,"column":3}},"type":"if","locations":[{"start":{"line":4,"column":2},"end":{"line":12,"column":3}},{"start":{},"end":{}}],"line":4},"1":{"loc":{"start":{"line":4,"column":6},"end":{"line":4,"column":52}},"type":"binary-expr","locations":[{"start":{"line":4,"column":6},"end":{"line":4,"column":17}},{"start":{"line":4,"column":21},"end":{"line":4,"column":52}}],"line":4}},"s":{"0":0,"1":0,"2":0,"3":0,"4":0,"5":0,"6":0,"7":0},"f":{"0":0,"1":0},"b":{"0":[0,0],"1":[0,0]}}
,"C:\\Users\\moham\\Downloads\\Visual Studio Code\\React\\CC\\my-weather-app\\src\\components\\Error.tsx": {"path":"C:\\Users\\moham\\Downloads\\Visual Studio Code\\React\\CC\\my-weather-app\\src\\components\\Error.tsx","statementMap":{"0":{"start":{"line":5,"column":2},"end":{"line":11,"column":3}}},"fnMap":{"0":{"name":"Error","decl":{"start":{"line":4,"column":9},"end":{"line":4,"column":14}},"loc":{"start":{"line":4,"column":17},"end":{"line":12,"column":1}},"line":4}},"branchMap":{},"s":{"0":0},"f":{"0":0},"b":{}}
,"C:\\Users\\moham\\Downloads\\Visual Studio Code\\React\\CC\\my-weather-app\\src\\components\\FormInput.tsx": {"path":"C:\\Users\\moham\\Downloads\\Visual Studio Code\\React\\CC\\my-weather-app\\src\\components\\FormInput.tsx","statementMap":{"0":{"start":{"line":4,"column":18},"end":{"line":32,"column":1}},"1":{"start":{"line":13,"column":4},"end":{"line":31,"column":6}}},"fnMap":{"0":{"name":"(anonymous_0)","decl":{"start":{"line":4,"column":18},"end":{"line":4,"column":19}},"loc":{"start":{"line":11,"column":22},"end":{"line":32,"column":1}},"line":11}},"branchMap":{"0":{"loc":{"start":{"line":8,"column":4},"end":{"line":8,"column":17}},"type":"default-arg","locations":[{"start":{"line":8,"column":11},"end":{"line":8,"column":17}}],"line":8}},"s":{"0":0,"1":0},"f":{"0":0},"b":{"0":[0]}}
,"C:\\Users\\moham\\Downloads\\Visual Studio Code\\React\\CC\\my-weather-app\\src\\components\\Item.tsx": {"path":"C:\\Users\\moham\\Downloads\\Visual Studio Code\\React\\CC\\my-weather-app\\src\\components\\Item.tsx","statementMap":{"0":{"start":{"line":4,"column":4},"end":{"line":25,"column":5}}},"fnMap":{"0":{"name":"Item","decl":{"start":{"line":3,"column":9},"end":{"line":3,"column":13}},"loc":{"start":{"line":3,"column":65},"end":{"line":26,"column":1}},"line":3}},"branchMap":{},"s":{"0":0},"f":{"0":0},"b":{}}
,"C:\\Users\\moham\\Downloads\\Visual Studio Code\\React\\CC\\my-weather-app\\src\\components\\List.tsx": {"path":"C:\\Users\\moham\\Downloads\\Visual Studio Code\\React\\CC\\my-weather-app\\src\\components\\List.tsx","statementMap":{"0":{"start":{"line":7,"column":4},"end":{"line":34,"column":5}},"1":{"start":{"line":22,"column":24},"end":{"line":29,"column":26}}},"fnMap":{"0":{"name":"List","decl":{"start":{"line":5,"column":9},"end":{"line":5,"column":13}},"loc":{"start":{"line":5,"column":36},"end":{"line":35,"column":1}},"line":5},"1":{"name":"(anonymous_1)","decl":{"start":{"line":21,"column":37},"end":{"line":21,"column":38}},"loc":{"start":{"line":22,"column":24},"end":{"line":29,"column":26}},"line":22}},"branchMap":{},"s":{"0":0,"1":0},"f":{"0":0,"1":0},"b":{}}
,"C:\\Users\\moham\\Downloads\\Visual Studio Code\\React\\CC\\my-weather-app\\src\\components\\Navbar.tsx": {"path":"C:\\Users\\moham\\Downloads\\Visual Studio Code\\React\\CC\\my-weather-app\\src\\components\\Navbar.tsx","statementMap":{"0":{"start":{"line":11,"column":4},"end":{"line":25,"column":5}}},"fnMap":{"0":{"name":"Navbar","decl":{"start":{"line":7,"column":24},"end":{"line":7,"column":30}},"loc":{"start":{"line":7,"column":98},"end":{"line":26,"column":1}},"line":7}},"branchMap":{},"s":{"0":0},"f":{"0":0},"b":{}}
,"C:\\Users\\moham\\Downloads\\Visual Studio Code\\React\\CC\\my-weather-app\\src\\hooks\\useDebounce.ts": {"path":"C:\\Users\\moham\\Downloads\\Visual Studio Code\\React\\CC\\my-weather-app\\src\\hooks\\useDebounce.ts","statementMap":{"0":{"start":{"line":5,"column":30},"end":{"line":5,"column":50}},"1":{"start":{"line":7,"column":4},"end":{"line":15,"column":20}},"2":{"start":{"line":9,"column":22},"end":{"line":11,"column":15}},"3":{"start":{"line":10,"column":12},"end":{"line":10,"column":32}},"4":{"start":{"line":13,"column":8},"end":{"line":13,"column":40}},"5":{"start":{"line":13,"column":21},"end":{"line":13,"column":40}},"6":{"start":{"line":17,"column":4},"end":{"line":17,"column":17}}},"fnMap":{"0":{"name":"useDebounce","decl":{"start":{"line":3,"column":9},"end":{"line":3,"column":20}},"loc":{"start":{"line":3,"column":41},"end":{"line":18,"column":1}},"line":3},"1":{"name":"(anonymous_1)","decl":{"start":{"line":7,"column":14},"end":{"line":7,"column":15}},"loc":{"start":{"line":7,"column":20},"end":{"line":15,"column":5}},"line":7},"2":{"name":"(anonymous_2)","decl":{"start":{"line":9,"column":33},"end":{"line":9,"column":34}},"loc":{"start":{"line":9,"column":39},"end":{"line":11,"column":9}},"line":9},"3":{"name":"(anonymous_3)","decl":{"start":{"line":13,"column":15},"end":{"line":13,"column":16}},"loc":{"start":{"line":13,"column":21},"end":{"line":13,"column":40}},"line":13}},"branchMap":{},"s":{"0":0,"1":0,"2":0,"3":0,"4":0,"5":0,"6":0},"f":{"0":0,"1":0,"2":0,"3":0},"b":{}}
,"C:\\Users\\moham\\Downloads\\Visual Studio Code\\React\\CC\\my-weather-app\\src\\hooks\\usePersistence.ts": {"path":"C:\\Users\\moham\\Downloads\\Visual Studio Code\\React\\CC\\my-weather-app\\src\\hooks\\usePersistence.ts","statementMap":{"0":{"start":{"line":7,"column":30},"end":{"line":9,"column":5}},"1":{"start":{"line":11,"column":24},"end":{"line":11,"column":37}},"2":{"start":{"line":13,"column":4},"end":{"line":21,"column":34}},"3":{"start":{"line":15,"column":12},"end":{"line":18,"column":13}},"4":{"start":{"line":16,"column":16},"end":{"line":16,"column":42}},"5":{"start":{"line":17,"column":16},"end":{"line":17,"column":22}},"6":{"start":{"line":19,"column":12},"end":{"line":19,"column":56}},"7":{"start":{"line":23,"column":4},"end":{"line":23,"column":29}}},"fnMap":{"0":{"name":"usePersistence","decl":{"start":{"line":3,"column":9},"end":{"line":3,"column":23}},"loc":{"start":{"line":5,"column":34},"end":{"line":24,"column":1}},"line":5},"1":{"name":"(anonymous_1)","decl":{"start":{"line":14,"column":8},"end":{"line":14,"column":9}},"loc":{"start":{"line":14,"column":14},"end":{"line":20,"column":9}},"line":14}},"branchMap":{"0":{"loc":{"start":{"line":8,"column":8},"end":{"line":8,"column":58}},"type":"binary-expr","locations":[{"start":{"line":8,"column":8},"end":{"line":8,"column":45}},{"start":{"line":8,"column":49},"end":{"line":8,"column":58}}],"line":8},"1":{"loc":{"start":{"line":15,"column":12},"end":{"line":18,"column":13}},"type":"if","locations":[{"start":{"line":15,"column":12},"end":{"line":18,"column":13}},{"start":{},"end":{}}],"line":15}},"s":{"0":0,"1":0,"2":0,"3":0,"4":0,"5":0,"6":0,"7":0},"f":{"0":0,"1":0},"b":{"0":[0,0],"1":[0,0]}}
,"C:\\Users\\moham\\Downloads\\Visual Studio Code\\React\\CC\\my-weather-app\\src\\pages\\CapitalInformation.tsx": {"path":"C:\\Users\\moham\\Downloads\\Visual Studio Code\\React\\CC\\my-weather-app\\src\\pages\\CapitalInformation.tsx","statementMap":{"0":{"start":{"line":6,"column":19},"end":{"line":6,"column":53}},"1":{"start":{"line":12,"column":30},"end":{"line":21,"column":4}},"2":{"start":{"line":23,"column":21},"end":{"line":23,"column":32}},"3":{"start":{"line":56,"column":2},"end":{"line":56,"column":33}},"4":{"start":{"line":58,"column":2},"end":{"line":88,"column":3}}},"fnMap":{"0":{"name":"CapitalInformation","decl":{"start":{"line":10,"column":9},"end":{"line":10,"column":27}},"loc":{"start":{"line":10,"column":30},"end":{"line":89,"column":1}},"line":10}},"branchMap":{},"s":{"0":0,"1":0,"2":0,"3":0,"4":0},"f":{"0":0},"b":{}}
,"C:\\Users\\moham\\Downloads\\Visual Studio Code\\React\\CC\\my-weather-app\\src\\pages\\Home.tsx": {"path":"C:\\Users\\moham\\Downloads\\Visual Studio Code\\React\\CC\\my-weather-app\\src\\pages\\Home.tsx","statementMap":{"0":{"start":{"line":8,"column":17},"end":{"line":8,"column":55}},"1":{"start":{"line":12,"column":42},"end":{"line":12,"column":54}},"2":{"start":{"line":13,"column":40},"end":{"line":13,"column":52}},"3":{"start":{"line":14,"column":26},"end":{"line":14,"column":44}},"4":{"start":{"line":17,"column":8},"end":{"line":17,"column":42}},"5":{"start":{"line":21,"column":8},"end":{"line":21,"column":26}},"6":{"start":{"line":22,"column":8},"end":{"line":22,"column":37}},"7":{"start":{"line":25,"column":35},"end":{"line":32,"column":13}},"8":{"start":{"line":26,"column":8},"end":{"line":31,"column":9}},"9":{"start":{"line":27,"column":29},"end":{"line":27,"column":49}},"10":{"start":{"line":28,"column":12},"end":{"line":28,"column":41}},"11":{"start":{"line":30,"column":12},"end":{"line":30,"column":51}},"12":{"start":{"line":34,"column":4},"end":{"line":36,"column":33}},"13":{"start":{"line":35,"column":8},"end":{"line":35,"column":32}},"14":{"start":{"line":38,"column":4},"end":{"line":38,"column":45}},"15":{"start":{"line":39,"column":4},"end":{"line":39,"column":32}},"16":{"start":{"line":40,"column":4},"end":{"line":40,"column":46}},"17":{"start":{"line":42,"column":4},"end":{"line":54,"column":5}}},"fnMap":{"0":{"name":"Home","decl":{"start":{"line":10,"column":9},"end":{"line":10,"column":13}},"loc":{"start":{"line":10,"column":16},"end":{"line":55,"column":1}},"line":10},"1":{"name":"handleChange","decl":{"start":{"line":16,"column":13},"end":{"line":16,"column":25}},"loc":{"start":{"line":16,"column":70},"end":{"line":18,"column":5}},"line":16},"2":{"name":"handleSubmitClick","decl":{"start":{"line":20,"column":13},"end":{"line":20,"column":30}},"loc":{"start":{"line":20,"column":51},"end":{"line":23,"column":5}},"line":20},"3":{"name":"(anonymous_3)","decl":{"start":{"line":25,"column":47},"end":{"line":25,"column":48}},"loc":{"start":{"line":25,"column":59},"end":{"line":32,"column":5}},"line":25},"4":{"name":"(anonymous_4)","decl":{"start":{"line":34,"column":14},"end":{"line":34,"column":15}},"loc":{"start":{"line":34,"column":20},"end":{"line":36,"column":5}},"line":34}},"branchMap":{},"s":{"0":0,"1":0,"2":0,"3":0,"4":0,"5":0,"6":0,"7":0,"8":0,"9":0,"10":0,"11":0,"12":0,"13":0,"14":0,"15":0,"16":0,"17":0},"f":{"0":0,"1":0,"2":0,"3":0,"4":0},"b":{}}
,"C:\\Users\\moham\\Downloads\\Visual Studio Code\\React\\CC\\my-weather-app\\src\\pages\\Welcome.tsx": {"path":"C:\\Users\\moham\\Downloads\\Visual Studio Code\\React\\CC\\my-weather-app\\src\\pages\\Welcome.tsx","statementMap":{"0":{"start":{"line":6,"column":4},"end":{"line":20,"column":5}}},"fnMap":{"0":{"name":"Welcome","decl":{"start":{"line":5,"column":9},"end":{"line":5,"column":16}},"loc":{"start":{"line":5,"column":19},"end":{"line":21,"column":1}},"line":5}},"branchMap":{},"s":{"0":0},"f":{"0":0},"b":{}}
,"C:\\Users\\moham\\Downloads\\Visual Studio Code\\React\\CC\\my-weather-app\\src\\types\\index.ts": {"path":"C:\\Users\\moham\\Downloads\\Visual Studio Code\\React\\CC\\my-weather-app\\src\\types\\index.ts","statementMap":{"0":{"start":{"line":23,"column":24},"end":{"line":23,"column":37}}},"fnMap":{},"branchMap":{},"s":{"0":1},"f":{},"b":{},"_coverageSchema":"1a1c01bbd47fc00a2c39e90264f33305004495a9","hash":"dfbe9e3395cbdb529d50fe2bd61d7de7da73f4e3"}
}
